<?xml version="1.0" encoding="UTF-8"?>
<coverage generated="1677519309856" clover="3.2.0">
  <project timestamp="1677519309856" name="All files">
    <metrics statements="93" coveredstatements="93" conditionals="44" coveredconditionals="44" methods="13" coveredmethods="13" elements="150" coveredelements="150" complexity="0" loc="93" ncloc="93" packages="1" files="1" classes="1"/>
    <file name="arrays.js" path="C:\Users\monce\OneDrive\Desktop\Custom-Lodash\src\arrays.js">
      <metrics statements="93" coveredstatements="93" conditionals="44" coveredconditionals="44" methods="13" coveredmethods="13"/>
      <line num="13" count="4" type="stmt"/>
      <line num="14" count="4" type="stmt"/>
      <line num="15" count="10" type="stmt"/>
      <line num="16" count="10" type="stmt"/>
      <line num="17" count="25" type="cond" truecount="2" falsecount="0"/>
      <line num="18" count="1" type="stmt"/>
      <line num="20" count="24" type="stmt"/>
      <line num="22" count="10" type="stmt"/>
      <line num="24" count="4" type="stmt"/>
      <line num="36" count="2" type="stmt"/>
      <line num="37" count="2" type="stmt"/>
      <line num="38" count="20" type="cond" truecount="2" falsecount="0"/>
      <line num="39" count="8" type="stmt"/>
      <line num="42" count="2" type="stmt"/>
      <line num="55" count="12" type="cond" truecount="2" falsecount="0"/>
      <line num="56" count="2" type="stmt"/>
      <line num="58" count="10" type="cond" truecount="2" falsecount="0"/>
      <line num="59" count="1" type="stmt"/>
      <line num="61" count="9" type="stmt"/>
      <line num="62" count="9" type="stmt"/>
      <line num="63" count="19" type="stmt"/>
      <line num="65" count="9" type="stmt"/>
      <line num="79" count="3" type="stmt"/>
      <line num="80" count="3" type="stmt"/>
      <line num="81" count="3" type="stmt"/>
      <line num="82" count="7" type="cond" truecount="2" falsecount="0"/>
      <line num="83" count="2" type="stmt"/>
      <line num="84" count="2" type="stmt"/>
      <line num="87" count="3" type="stmt"/>
      <line num="88" count="5" type="stmt"/>
      <line num="90" count="3" type="stmt"/>
      <line num="103" count="8" type="stmt"/>
      <line num="105" count="8" type="cond" truecount="2" falsecount="0"/>
      <line num="106" count="18" type="stmt"/>
      <line num="109" count="8" type="stmt"/>
      <line num="123" count="7" type="stmt"/>
      <line num="124" count="7" type="cond" truecount="2" falsecount="0"/>
      <line num="125" count="6" type="stmt"/>
      <line num="127" count="7" type="stmt"/>
      <line num="128" count="38" type="cond" truecount="2" falsecount="0"/>
      <line num="129" count="18" type="stmt"/>
      <line num="133" count="7" type="stmt"/>
      <line num="148" count="12" type="cond" truecount="2" falsecount="0"/>
      <line num="149" count="2" type="stmt"/>
      <line num="153" count="10" type="stmt"/>
      <line num="155" count="10" type="stmt"/>
      <line num="156" count="38" type="stmt"/>
      <line num="159" count="10" type="stmt"/>
      <line num="160" count="15" type="cond" truecount="2" falsecount="0"/>
      <line num="161" count="9" type="stmt"/>
      <line num="162" count="9" type="stmt"/>
      <line num="166" count="10" type="stmt"/>
      <line num="185" count="6" type="cond" truecount="2" falsecount="0"/>
      <line num="186" count="1" type="stmt"/>
      <line num="188" count="5" type="cond" truecount="2" falsecount="0"/>
      <line num="189" count="1" type="stmt"/>
      <line num="192" count="4" type="stmt"/>
      <line num="193" count="4" type="stmt"/>
      <line num="194" count="4" type="stmt"/>
      <line num="195" count="21" type="cond" truecount="2" falsecount="0"/>
      <line num="196" count="4" type="stmt"/>
      <line num="197" count="9" type="cond" truecount="2" falsecount="0"/>
      <line num="198" count="9" type="cond" truecount="2" falsecount="0"/>
      <line num="202" count="4" type="stmt"/>
      <line num="206" count="12" type="cond" truecount="2" falsecount="0"/>
      <line num="207" count="12" type="stmt"/>
      <line num="208" count="26" type="cond" truecount="2" falsecount="0"/>
      <line num="210" count="7" type="stmt"/>
      <line num="213" count="18" type="cond" truecount="2" falsecount="0"/>
      <line num="214" count="6" type="stmt"/>
      <line num="217" count="12" type="cond" truecount="2" falsecount="0"/>
      <line num="218" count="3" type="stmt"/>
      <line num="219" count="3" type="stmt"/>
      <line num="220" count="6" type="stmt"/>
      <line num="222" count="3" type="stmt"/>
      <line num="225" count="9" type="stmt"/>
      <line num="239" count="7" type="stmt"/>
      <line num="240" count="7" type="stmt"/>
      <line num="241" count="33" type="stmt"/>
      <line num="243" count="7" type="stmt"/>
      <line num="258" count="3" type="stmt"/>
      <line num="259" count="3" type="stmt"/>
      <line num="260" count="8" type="stmt"/>
      <line num="263" count="3" type="stmt"/>
      <line num="264" count="3" type="stmt"/>
      <line num="265" count="6" type="stmt"/>
      <line num="268" count="3" type="stmt"/>
      <line num="269" count="8" type="stmt"/>
      <line num="270" count="17" type="cond" truecount="2" falsecount="0"/>
      <line num="271" count="2" type="stmt"/>
      <line num="273" count="15" type="stmt"/>
      <line num="278" count="3" type="stmt"/>
      <line num="282" count="1" type="stmt"/>
    </file>
  </project>
</coverage>
