<?xml version="1.0" encoding="UTF-8"?>
<coverage generated="1677531265145" clover="3.2.0">
  <project timestamp="1677531265145" name="All files">
    <metrics statements="139" coveredstatements="139" conditionals="66" coveredconditionals="66" methods="19" coveredmethods="19" elements="224" coveredelements="224" complexity="0" loc="139" ncloc="139" packages="1" files="2" classes="2"/>
    <file name="arrays.js" path="C:\Users\monce\OneDrive\Desktop\Custom-Lodash\src\arrays.js">
      <metrics statements="93" coveredstatements="93" conditionals="44" coveredconditionals="44" methods="13" coveredmethods="13"/>
      <line num="13" count="4" type="stmt"/>
      <line num="14" count="4" type="stmt"/>
      <line num="15" count="10" type="stmt"/>
      <line num="16" count="10" type="stmt"/>
      <line num="17" count="25" type="cond" truecount="2" falsecount="0"/>
      <line num="18" count="1" type="stmt"/>
      <line num="20" count="24" type="stmt"/>
      <line num="22" count="10" type="stmt"/>
      <line num="24" count="4" type="stmt"/>
      <line num="36" count="2" type="stmt"/>
      <line num="37" count="2" type="stmt"/>
      <line num="38" count="20" type="cond" truecount="2" falsecount="0"/>
      <line num="39" count="8" type="stmt"/>
      <line num="42" count="2" type="stmt"/>
      <line num="54" count="12" type="cond" truecount="2" falsecount="0"/>
      <line num="55" count="2" type="stmt"/>
      <line num="57" count="10" type="cond" truecount="2" falsecount="0"/>
      <line num="58" count="1" type="stmt"/>
      <line num="60" count="9" type="stmt"/>
      <line num="61" count="9" type="stmt"/>
      <line num="62" count="19" type="stmt"/>
      <line num="64" count="9" type="stmt"/>
      <line num="77" count="3" type="stmt"/>
      <line num="78" count="3" type="stmt"/>
      <line num="79" count="3" type="stmt"/>
      <line num="80" count="7" type="cond" truecount="2" falsecount="0"/>
      <line num="81" count="2" type="stmt"/>
      <line num="82" count="2" type="stmt"/>
      <line num="85" count="3" type="stmt"/>
      <line num="86" count="5" type="stmt"/>
      <line num="88" count="3" type="stmt"/>
      <line num="100" count="8" type="stmt"/>
      <line num="102" count="8" type="cond" truecount="2" falsecount="0"/>
      <line num="103" count="18" type="stmt"/>
      <line num="106" count="8" type="stmt"/>
      <line num="119" count="7" type="stmt"/>
      <line num="120" count="7" type="cond" truecount="2" falsecount="0"/>
      <line num="121" count="6" type="stmt"/>
      <line num="123" count="7" type="stmt"/>
      <line num="124" count="38" type="cond" truecount="2" falsecount="0"/>
      <line num="125" count="18" type="stmt"/>
      <line num="129" count="7" type="stmt"/>
      <line num="143" count="12" type="cond" truecount="2" falsecount="0"/>
      <line num="144" count="2" type="stmt"/>
      <line num="148" count="10" type="stmt"/>
      <line num="150" count="10" type="stmt"/>
      <line num="151" count="38" type="stmt"/>
      <line num="154" count="10" type="stmt"/>
      <line num="155" count="15" type="cond" truecount="2" falsecount="0"/>
      <line num="156" count="9" type="stmt"/>
      <line num="157" count="9" type="stmt"/>
      <line num="161" count="10" type="stmt"/>
      <line num="180" count="6" type="cond" truecount="2" falsecount="0"/>
      <line num="181" count="1" type="stmt"/>
      <line num="183" count="5" type="cond" truecount="2" falsecount="0"/>
      <line num="184" count="1" type="stmt"/>
      <line num="187" count="4" type="stmt"/>
      <line num="188" count="4" type="stmt"/>
      <line num="189" count="4" type="stmt"/>
      <line num="190" count="21" type="cond" truecount="2" falsecount="0"/>
      <line num="191" count="4" type="stmt"/>
      <line num="192" count="9" type="cond" truecount="2" falsecount="0"/>
      <line num="193" count="9" type="cond" truecount="2" falsecount="0"/>
      <line num="197" count="4" type="stmt"/>
      <line num="201" count="39" type="cond" truecount="2" falsecount="0"/>
      <line num="202" count="39" type="stmt"/>
      <line num="203" count="58" type="cond" truecount="2" falsecount="0"/>
      <line num="205" count="23" type="stmt"/>
      <line num="208" count="45" type="cond" truecount="2" falsecount="0"/>
      <line num="209" count="6" type="stmt"/>
      <line num="212" count="39" type="cond" truecount="2" falsecount="0"/>
      <line num="213" count="3" type="stmt"/>
      <line num="214" count="3" type="stmt"/>
      <line num="215" count="6" type="stmt"/>
      <line num="217" count="3" type="stmt"/>
      <line num="220" count="36" type="stmt"/>
      <line num="234" count="7" type="stmt"/>
      <line num="235" count="7" type="stmt"/>
      <line num="236" count="33" type="stmt"/>
      <line num="238" count="7" type="stmt"/>
      <line num="253" count="3" type="stmt"/>
      <line num="254" count="3" type="stmt"/>
      <line num="255" count="8" type="stmt"/>
      <line num="258" count="3" type="stmt"/>
      <line num="259" count="3" type="stmt"/>
      <line num="260" count="6" type="stmt"/>
      <line num="263" count="3" type="stmt"/>
      <line num="264" count="8" type="stmt"/>
      <line num="265" count="17" type="cond" truecount="2" falsecount="0"/>
      <line num="266" count="2" type="stmt"/>
      <line num="268" count="15" type="stmt"/>
      <line num="273" count="3" type="stmt"/>
      <line num="277" count="2" type="stmt"/>
    </file>
    <file name="objects.js" path="C:\Users\monce\OneDrive\Desktop\Custom-Lodash\src\objects.js">
      <metrics statements="46" coveredstatements="46" conditionals="22" coveredconditionals="22" methods="6" coveredmethods="6"/>
      <line num="1" count="1" type="stmt"/>
      <line num="2" count="1" type="stmt"/>
      <line num="28" count="12" type="stmt"/>
      <line num="29" count="14" type="cond" truecount="4" falsecount="0"/>
      <line num="30" count="2" type="stmt"/>
      <line num="31" count="2" type="stmt"/>
      <line num="32" count="4" type="stmt"/>
      <line num="34" count="2" type="stmt"/>
      <line num="35" count="12" type="cond" truecount="4" falsecount="0"/>
      <line num="36" count="4" type="stmt"/>
      <line num="38" count="8" type="stmt"/>
      <line num="41" count="12" type="stmt"/>
      <line num="42" count="12" type="stmt"/>
      <line num="43" count="12" type="cond" truecount="2" falsecount="0"/>
      <line num="44" count="2" type="stmt"/>
      <line num="45" count="10" type="stmt"/>
      <line num="49" count="12" type="stmt"/>
      <line num="63" count="5" type="cond" truecount="2" falsecount="0"/>
      <line num="64" count="2" type="stmt"/>
      <line num="65" count="2" type="stmt"/>
      <line num="66" count="2" type="stmt"/>
      <line num="68" count="5" type="stmt"/>
      <line num="69" count="5" type="stmt"/>
      <line num="70" count="11" type="cond" truecount="2" falsecount="0"/>
      <line num="71" count="6" type="stmt"/>
      <line num="74" count="5" type="stmt"/>
      <line num="88" count="7" type="stmt"/>
      <line num="89" count="7" type="stmt"/>
      <line num="90" count="16" type="cond" truecount="2" falsecount="0"/>
      <line num="91" count="8" type="stmt"/>
      <line num="94" count="7" type="stmt"/>
      <line num="106" count="7" type="cond" truecount="2" falsecount="0"/>
      <line num="107" count="2" type="stmt"/>
      <line num="108" count="2" type="stmt"/>
      <line num="109" count="2" type="stmt"/>
      <line num="111" count="7" type="stmt"/>
      <line num="112" count="7" type="stmt"/>
      <line num="113" count="16" type="cond" truecount="2" falsecount="0"/>
      <line num="114" count="6" type="stmt"/>
      <line num="117" count="7" type="stmt"/>
      <line num="130" count="6" type="stmt"/>
      <line num="131" count="6" type="stmt"/>
      <line num="132" count="13" type="cond" truecount="2" falsecount="0"/>
      <line num="133" count="5" type="stmt"/>
      <line num="136" count="6" type="stmt"/>
      <line num="140" count="1" type="stmt"/>
    </file>
  </project>
</coverage>
