{"C:\\Users\\monce\\OneDrive\\Desktop\\Custom-Lodash\\src\\arrays.js": {"path":"C:\\Users\\monce\\OneDrive\\Desktop\\Custom-Lodash\\src\\arrays.js","statementMap":{"0":{"start":{"line":13,"column":21},"end":{"line":13,"column":23}},"1":{"start":{"line":14,"column":8},"end":{"line":23,"column":9}},"2":{"start":{"line":14,"column":21},"end":{"line":14,"column":22}},"3":{"start":{"line":15,"column":29},"end":{"line":15,"column":31}},"4":{"start":{"line":16,"column":12},"end":{"line":21,"column":13}},"5":{"start":{"line":16,"column":25},"end":{"line":16,"column":26}},"6":{"start":{"line":17,"column":16},"end":{"line":19,"column":17}},"7":{"start":{"line":18,"column":20},"end":{"line":18,"column":25}},"8":{"start":{"line":20,"column":16},"end":{"line":20,"column":44}},"9":{"start":{"line":22,"column":12},"end":{"line":22,"column":42}},"10":{"start":{"line":24,"column":8},"end":{"line":24,"column":22}},"11":{"start":{"line":36,"column":21},"end":{"line":36,"column":23}},"12":{"start":{"line":37,"column":8},"end":{"line":41,"column":9}},"13":{"start":{"line":38,"column":12},"end":{"line":40,"column":13}},"14":{"start":{"line":39,"column":16},"end":{"line":39,"column":42}},"15":{"start":{"line":42,"column":8},"end":{"line":42,"column":22}},"16":{"start":{"line":54,"column":8},"end":{"line":56,"column":9}},"17":{"start":{"line":55,"column":12},"end":{"line":55,"column":24}},"18":{"start":{"line":57,"column":8},"end":{"line":59,"column":9}},"19":{"start":{"line":58,"column":12},"end":{"line":58,"column":22}},"20":{"start":{"line":60,"column":21},"end":{"line":60,"column":23}},"21":{"start":{"line":61,"column":8},"end":{"line":63,"column":9}},"22":{"start":{"line":61,"column":21},"end":{"line":61,"column":22}},"23":{"start":{"line":62,"column":12},"end":{"line":62,"column":44}},"24":{"start":{"line":64,"column":8},"end":{"line":64,"column":22}},"25":{"start":{"line":77,"column":23},"end":{"line":77,"column":25}},"26":{"start":{"line":78,"column":20},"end":{"line":78,"column":36}},"27":{"start":{"line":79,"column":8},"end":{"line":84,"column":9}},"28":{"start":{"line":80,"column":12},"end":{"line":83,"column":13}},"29":{"start":{"line":81,"column":16},"end":{"line":81,"column":25}},"30":{"start":{"line":82,"column":16},"end":{"line":82,"column":21}},"31":{"start":{"line":85,"column":8},"end":{"line":87,"column":9}},"32":{"start":{"line":85,"column":21},"end":{"line":85,"column":26}},"33":{"start":{"line":86,"column":12},"end":{"line":86,"column":44}},"34":{"start":{"line":88,"column":8},"end":{"line":88,"column":21}},"35":{"start":{"line":100,"column":21},"end":{"line":100,"column":23}},"36":{"start":{"line":102,"column":8},"end":{"line":104,"column":9}},"37":{"start":{"line":102,"column":21},"end":{"line":102,"column":22}},"38":{"start":{"line":103,"column":12},"end":{"line":103,"column":44}},"39":{"start":{"line":106,"column":8},"end":{"line":106,"column":21}},"40":{"start":{"line":119,"column":21},"end":{"line":119,"column":23}},"41":{"start":{"line":120,"column":8},"end":{"line":122,"column":9}},"42":{"start":{"line":121,"column":12},"end":{"line":121,"column":27}},"43":{"start":{"line":121,"column":26},"end":{"line":121,"column":27}},"44":{"start":{"line":123,"column":8},"end":{"line":127,"column":9}},"45":{"start":{"line":124,"column":12},"end":{"line":126,"column":13}},"46":{"start":{"line":125,"column":16},"end":{"line":125,"column":53}},"47":{"start":{"line":129,"column":8},"end":{"line":129,"column":21}},"48":{"start":{"line":143,"column":8},"end":{"line":145,"column":9}},"49":{"start":{"line":144,"column":12},"end":{"line":144,"column":32}},"50":{"start":{"line":148,"column":20},"end":{"line":148,"column":22}},"51":{"start":{"line":150,"column":8},"end":{"line":152,"column":9}},"52":{"start":{"line":151,"column":12},"end":{"line":151,"column":47}},"53":{"start":{"line":154,"column":8},"end":{"line":159,"column":9}},"54":{"start":{"line":154,"column":21},"end":{"line":154,"column":22}},"55":{"start":{"line":155,"column":12},"end":{"line":158,"column":13}},"56":{"start":{"line":156,"column":16},"end":{"line":156,"column":33}},"57":{"start":{"line":157,"column":16},"end":{"line":157,"column":21}},"58":{"start":{"line":161,"column":8},"end":{"line":161,"column":21}},"59":{"start":{"line":180,"column":12},"end":{"line":182,"column":13}},"60":{"start":{"line":181,"column":16},"end":{"line":181,"column":28}},"61":{"start":{"line":183,"column":12},"end":{"line":185,"column":13}},"62":{"start":{"line":184,"column":16},"end":{"line":184,"column":27}},"63":{"start":{"line":187,"column":22},"end":{"line":187,"column":27}},"64":{"start":{"line":188,"column":20},"end":{"line":188,"column":21}},"65":{"start":{"line":189,"column":12},"end":{"line":196,"column":13}},"66":{"start":{"line":189,"column":25},"end":{"line":189,"column":34}},"67":{"start":{"line":190,"column":16},"end":{"line":195,"column":17}},"68":{"start":{"line":191,"column":20},"end":{"line":194,"column":21}},"69":{"start":{"line":191,"column":33},"end":{"line":191,"column":34}},"70":{"start":{"line":192,"column":24},"end":{"line":192,"column":59}},"71":{"start":{"line":192,"column":56},"end":{"line":192,"column":59}},"72":{"start":{"line":193,"column":24},"end":{"line":193,"column":58}},"73":{"start":{"line":193,"column":48},"end":{"line":193,"column":58}},"74":{"start":{"line":197,"column":12},"end":{"line":197,"column":23}},"75":{"start":{"line":201,"column":28},"end":{"line":201,"column":61}},"76":{"start":{"line":202,"column":12},"end":{"line":204,"column":13}},"77":{"start":{"line":202,"column":25},"end":{"line":202,"column":44}},"78":{"start":{"line":203,"column":16},"end":{"line":203,"column":52}},"79":{"start":{"line":203,"column":41},"end":{"line":203,"column":52}},"80":{"start":{"line":205,"column":12},"end":{"line":205,"column":24}},"81":{"start":{"line":208,"column":8},"end":{"line":210,"column":9}},"82":{"start":{"line":209,"column":12},"end":{"line":209,"column":42}},"83":{"start":{"line":212,"column":8},"end":{"line":218,"column":9}},"84":{"start":{"line":213,"column":26},"end":{"line":213,"column":28}},"85":{"start":{"line":214,"column":12},"end":{"line":216,"column":13}},"86":{"start":{"line":215,"column":16},"end":{"line":215,"column":51}},"87":{"start":{"line":217,"column":12},"end":{"line":217,"column":39}},"88":{"start":{"line":220,"column":8},"end":{"line":220,"column":40}},"89":{"start":{"line":234,"column":21},"end":{"line":234,"column":23}},"90":{"start":{"line":235,"column":8},"end":{"line":237,"column":9}},"91":{"start":{"line":236,"column":12},"end":{"line":236,"column":55}},"92":{"start":{"line":238,"column":8},"end":{"line":238,"column":22}},"93":{"start":{"line":253,"column":21},"end":{"line":253,"column":22}},"94":{"start":{"line":254,"column":8},"end":{"line":256,"column":9}},"95":{"start":{"line":255,"column":12},"end":{"line":255,"column":47}},"96":{"start":{"line":258,"column":21},"end":{"line":258,"column":23}},"97":{"start":{"line":259,"column":8},"end":{"line":261,"column":9}},"98":{"start":{"line":259,"column":21},"end":{"line":259,"column":22}},"99":{"start":{"line":260,"column":12},"end":{"line":260,"column":38}},"100":{"start":{"line":263,"column":8},"end":{"line":271,"column":9}},"101":{"start":{"line":263,"column":21},"end":{"line":263,"column":22}},"102":{"start":{"line":264,"column":12},"end":{"line":270,"column":13}},"103":{"start":{"line":264,"column":25},"end":{"line":264,"column":26}},"104":{"start":{"line":265,"column":16},"end":{"line":269,"column":17}},"105":{"start":{"line":266,"column":20},"end":{"line":266,"column":54}},"106":{"start":{"line":268,"column":20},"end":{"line":268,"column":62}},"107":{"start":{"line":273,"column":8},"end":{"line":273,"column":21}},"108":{"start":{"line":277,"column":0},"end":{"line":277,"column":28}}},"fnMap":{"0":{"name":"(anonymous_0)","decl":{"start":{"line":12,"column":4},"end":{"line":12,"column":5}},"loc":{"start":{"line":12,"column":23},"end":{"line":25,"column":5}},"line":12},"1":{"name":"(anonymous_1)","decl":{"start":{"line":35,"column":4},"end":{"line":35,"column":5}},"loc":{"start":{"line":35,"column":19},"end":{"line":43,"column":5}},"line":35},"2":{"name":"(anonymous_2)","decl":{"start":{"line":53,"column":4},"end":{"line":53,"column":5}},"loc":{"start":{"line":53,"column":23},"end":{"line":65,"column":5}},"line":53},"3":{"name":"(anonymous_3)","decl":{"start":{"line":76,"column":4},"end":{"line":76,"column":5}},"loc":{"start":{"line":76,"column":27},"end":{"line":89,"column":5}},"line":76},"4":{"name":"(anonymous_4)","decl":{"start":{"line":99,"column":4},"end":{"line":99,"column":5}},"loc":{"start":{"line":99,"column":23},"end":{"line":107,"column":5}},"line":99},"5":{"name":"(anonymous_5)","decl":{"start":{"line":118,"column":4},"end":{"line":118,"column":5}},"loc":{"start":{"line":118,"column":29},"end":{"line":130,"column":5}},"line":118},"6":{"name":"(anonymous_6)","decl":{"start":{"line":121,"column":19},"end":{"line":121,"column":20}},"loc":{"start":{"line":121,"column":26},"end":{"line":121,"column":27}},"line":121},"7":{"name":"(anonymous_7)","decl":{"start":{"line":142,"column":4},"end":{"line":142,"column":5}},"loc":{"start":{"line":142,"column":34},"end":{"line":162,"column":5}},"line":142},"8":{"name":"(anonymous_8)","decl":{"start":{"line":178,"column":4},"end":{"line":178,"column":5}},"loc":{"start":{"line":178,"column":47},"end":{"line":221,"column":5}},"line":178},"9":{"name":"includesSub","decl":{"start":{"line":179,"column":17},"end":{"line":179,"column":28}},"loc":{"start":{"line":179,"column":37},"end":{"line":198,"column":9}},"line":179},"10":{"name":"includesArray","decl":{"start":{"line":200,"column":17},"end":{"line":200,"column":30}},"loc":{"start":{"line":200,"column":39},"end":{"line":206,"column":9}},"line":200},"11":{"name":"(anonymous_11)","decl":{"start":{"line":233,"column":4},"end":{"line":233,"column":5}},"loc":{"start":{"line":233,"column":26},"end":{"line":239,"column":5}},"line":233},"12":{"name":"(anonymous_12)","decl":{"start":{"line":252,"column":4},"end":{"line":252,"column":5}},"loc":{"start":{"line":252,"column":19},"end":{"line":274,"column":5}},"line":252}},"branchMap":{"0":{"loc":{"start":{"line":17,"column":16},"end":{"line":19,"column":17}},"type":"if","locations":[{"start":{"line":17,"column":16},"end":{"line":19,"column":17}},{"start":{},"end":{}}],"line":17},"1":{"loc":{"start":{"line":38,"column":12},"end":{"line":40,"column":13}},"type":"if","locations":[{"start":{"line":38,"column":12},"end":{"line":40,"column":13}},{"start":{},"end":{}}],"line":38},"2":{"loc":{"start":{"line":53,"column":16},"end":{"line":53,"column":21}},"type":"default-arg","locations":[{"start":{"line":53,"column":20},"end":{"line":53,"column":21}}],"line":53},"3":{"loc":{"start":{"line":54,"column":8},"end":{"line":56,"column":9}},"type":"if","locations":[{"start":{"line":54,"column":8},"end":{"line":56,"column":9}},{"start":{},"end":{}}],"line":54},"4":{"loc":{"start":{"line":57,"column":8},"end":{"line":59,"column":9}},"type":"if","locations":[{"start":{"line":57,"column":8},"end":{"line":59,"column":9}},{"start":{},"end":{}}],"line":57},"5":{"loc":{"start":{"line":80,"column":12},"end":{"line":83,"column":13}},"type":"if","locations":[{"start":{"line":80,"column":12},"end":{"line":83,"column":13}},{"start":{},"end":{}}],"line":80},"6":{"loc":{"start":{"line":99,"column":16},"end":{"line":99,"column":21}},"type":"default-arg","locations":[{"start":{"line":99,"column":20},"end":{"line":99,"column":21}}],"line":99},"7":{"loc":{"start":{"line":102,"column":24},"end":{"line":102,"column":49}},"type":"binary-expr","locations":[{"start":{"line":102,"column":24},"end":{"line":102,"column":29}},{"start":{"line":102,"column":33},"end":{"line":102,"column":49}}],"line":102},"8":{"loc":{"start":{"line":120,"column":8},"end":{"line":122,"column":9}},"type":"if","locations":[{"start":{"line":120,"column":8},"end":{"line":122,"column":9}},{"start":{},"end":{}}],"line":120},"9":{"loc":{"start":{"line":124,"column":12},"end":{"line":126,"column":13}},"type":"if","locations":[{"start":{"line":124,"column":12},"end":{"line":126,"column":13}},{"start":{},"end":{}}],"line":124},"10":{"loc":{"start":{"line":142,"column":27},"end":{"line":142,"column":32}},"type":"default-arg","locations":[{"start":{"line":142,"column":31},"end":{"line":142,"column":32}}],"line":142},"11":{"loc":{"start":{"line":143,"column":8},"end":{"line":145,"column":9}},"type":"if","locations":[{"start":{"line":143,"column":8},"end":{"line":145,"column":9}},{"start":{},"end":{}}],"line":143},"12":{"loc":{"start":{"line":155,"column":12},"end":{"line":158,"column":13}},"type":"if","locations":[{"start":{"line":155,"column":12},"end":{"line":158,"column":13}},{"start":{},"end":{}}],"line":155},"13":{"loc":{"start":{"line":178,"column":32},"end":{"line":178,"column":45}},"type":"default-arg","locations":[{"start":{"line":178,"column":44},"end":{"line":178,"column":45}}],"line":178},"14":{"loc":{"start":{"line":180,"column":12},"end":{"line":182,"column":13}},"type":"if","locations":[{"start":{"line":180,"column":12},"end":{"line":182,"column":13}},{"start":{},"end":{}}],"line":180},"15":{"loc":{"start":{"line":183,"column":12},"end":{"line":185,"column":13}},"type":"if","locations":[{"start":{"line":183,"column":12},"end":{"line":185,"column":13}},{"start":{},"end":{}}],"line":183},"16":{"loc":{"start":{"line":190,"column":16},"end":{"line":195,"column":17}},"type":"if","locations":[{"start":{"line":190,"column":16},"end":{"line":195,"column":17}},{"start":{},"end":{}}],"line":190},"17":{"loc":{"start":{"line":192,"column":24},"end":{"line":192,"column":59}},"type":"if","locations":[{"start":{"line":192,"column":24},"end":{"line":192,"column":59}},{"start":{},"end":{}}],"line":192},"18":{"loc":{"start":{"line":193,"column":24},"end":{"line":193,"column":58}},"type":"if","locations":[{"start":{"line":193,"column":24},"end":{"line":193,"column":58}},{"start":{},"end":{}}],"line":193},"19":{"loc":{"start":{"line":201,"column":28},"end":{"line":201,"column":61}},"type":"cond-expr","locations":[{"start":{"line":201,"column":44},"end":{"line":201,"column":57}},{"start":{"line":201,"column":60},"end":{"line":201,"column":61}}],"line":201},"20":{"loc":{"start":{"line":203,"column":16},"end":{"line":203,"column":52}},"type":"if","locations":[{"start":{"line":203,"column":16},"end":{"line":203,"column":52}},{"start":{},"end":{}}],"line":203},"21":{"loc":{"start":{"line":208,"column":8},"end":{"line":210,"column":9}},"type":"if","locations":[{"start":{"line":208,"column":8},"end":{"line":210,"column":9}},{"start":{},"end":{}}],"line":208},"22":{"loc":{"start":{"line":212,"column":8},"end":{"line":218,"column":9}},"type":"if","locations":[{"start":{"line":212,"column":8},"end":{"line":218,"column":9}},{"start":{},"end":{}}],"line":212},"23":{"loc":{"start":{"line":265,"column":16},"end":{"line":269,"column":17}},"type":"if","locations":[{"start":{"line":265,"column":16},"end":{"line":269,"column":17}},{"start":{"line":267,"column":23},"end":{"line":269,"column":17}}],"line":265}},"s":{"0":4,"1":4,"2":4,"3":10,"4":10,"5":10,"6":25,"7":1,"8":24,"9":10,"10":4,"11":2,"12":2,"13":20,"14":8,"15":2,"16":12,"17":2,"18":10,"19":1,"20":9,"21":9,"22":9,"23":19,"24":9,"25":3,"26":3,"27":3,"28":7,"29":2,"30":2,"31":3,"32":3,"33":5,"34":3,"35":8,"36":8,"37":8,"38":18,"39":8,"40":7,"41":7,"42":1,"43":6,"44":7,"45":38,"46":18,"47":7,"48":12,"49":2,"50":10,"51":10,"52":38,"53":10,"54":10,"55":15,"56":9,"57":9,"58":10,"59":6,"60":1,"61":5,"62":1,"63":4,"64":4,"65":4,"66":4,"67":21,"68":4,"69":4,"70":9,"71":7,"72":9,"73":3,"74":4,"75":39,"76":39,"77":39,"78":58,"79":16,"80":23,"81":45,"82":6,"83":39,"84":3,"85":3,"86":6,"87":3,"88":36,"89":7,"90":7,"91":33,"92":7,"93":3,"94":3,"95":8,"96":3,"97":3,"98":3,"99":6,"100":3,"101":3,"102":8,"103":8,"104":17,"105":2,"106":15,"107":3,"108":2},"f":{"0":4,"1":2,"2":12,"3":3,"4":8,"5":7,"6":6,"7":12,"8":45,"9":6,"10":39,"11":7,"12":3},"b":{"0":[1,24],"1":[8,12],"2":[4],"3":[2,10],"4":[1,9],"5":[2,5],"6":[1],"7":[26,19],"8":[1,6],"9":[18,20],"10":[8],"11":[2,10],"12":[9,6],"13":[41],"14":[1,5],"15":[1,4],"16":[4,17],"17":[7,2],"18":[3,6],"19":[1,38],"20":[16,42],"21":[6,39],"22":[3,36],"23":[2,15]},"_coverageSchema":"1a1c01bbd47fc00a2c39e90264f33305004495a9","hash":"a20201562403e88fa6a446b8310b01dcd5034969"}
,"C:\\Users\\monce\\OneDrive\\Desktop\\Custom-Lodash\\src\\objects.js": {"path":"C:\\Users\\monce\\OneDrive\\Desktop\\Custom-Lodash\\src\\objects.js","statementMap":{"0":{"start":{"line":1,"column":0},"end":{"line":1,"column":41}},"1":{"start":{"line":2,"column":8},"end":{"line":2,"column":23}},"2":{"start":{"line":28,"column":24},"end":{"line":39,"column":9}},"3":{"start":{"line":29,"column":12},"end":{"line":37,"column":13}},"4":{"start":{"line":30,"column":26},"end":{"line":30,"column":29}},"5":{"start":{"line":31,"column":16},"end":{"line":33,"column":17}},"6":{"start":{"line":31,"column":29},"end":{"line":31,"column":30}},"7":{"start":{"line":32,"column":20},"end":{"line":32,"column":55}},"8":{"start":{"line":34,"column":16},"end":{"line":34,"column":26}},"9":{"start":{"line":35,"column":19},"end":{"line":37,"column":13}},"10":{"start":{"line":36,"column":16},"end":{"line":36,"column":46}},"11":{"start":{"line":38,"column":12},"end":{"line":38,"column":25}},"12":{"start":{"line":41,"column":8},"end":{"line":47,"column":9}},"13":{"start":{"line":42,"column":12},"end":{"line":46,"column":13}},"14":{"start":{"line":43,"column":16},"end":{"line":44,"column":28}},"15":{"start":{"line":44,"column":20},"end":{"line":44,"column":28}},"16":{"start":{"line":45,"column":16},"end":{"line":45,"column":65}},"17":{"start":{"line":49,"column":8},"end":{"line":49,"column":25}},"18":{"start":{"line":63,"column":8},"end":{"line":67,"column":9}},"19":{"start":{"line":64,"column":22},"end":{"line":64,"column":27}},"20":{"start":{"line":65,"column":12},"end":{"line":65,"column":22}},"21":{"start":{"line":66,"column":12},"end":{"line":66,"column":24}},"22":{"start":{"line":68,"column":21},"end":{"line":68,"column":23}},"23":{"start":{"line":69,"column":8},"end":{"line":73,"column":9}},"24":{"start":{"line":70,"column":12},"end":{"line":72,"column":13}},"25":{"start":{"line":71,"column":16},"end":{"line":71,"column":41}},"26":{"start":{"line":74,"column":8},"end":{"line":74,"column":21}},"27":{"start":{"line":88,"column":21},"end":{"line":88,"column":23}},"28":{"start":{"line":89,"column":8},"end":{"line":93,"column":9}},"29":{"start":{"line":90,"column":12},"end":{"line":92,"column":13}},"30":{"start":{"line":91,"column":16},"end":{"line":91,"column":41}},"31":{"start":{"line":94,"column":8},"end":{"line":94,"column":21}},"32":{"start":{"line":106,"column":8},"end":{"line":110,"column":9}},"33":{"start":{"line":107,"column":22},"end":{"line":107,"column":27}},"34":{"start":{"line":108,"column":12},"end":{"line":108,"column":22}},"35":{"start":{"line":109,"column":12},"end":{"line":109,"column":24}},"36":{"start":{"line":111,"column":21},"end":{"line":111,"column":23}},"37":{"start":{"line":112,"column":8},"end":{"line":116,"column":9}},"38":{"start":{"line":113,"column":12},"end":{"line":115,"column":13}},"39":{"start":{"line":114,"column":16},"end":{"line":114,"column":41}},"40":{"start":{"line":117,"column":8},"end":{"line":117,"column":21}},"41":{"start":{"line":130,"column":21},"end":{"line":130,"column":23}},"42":{"start":{"line":131,"column":8},"end":{"line":135,"column":9}},"43":{"start":{"line":132,"column":12},"end":{"line":134,"column":13}},"44":{"start":{"line":133,"column":16},"end":{"line":133,"column":41}},"45":{"start":{"line":136,"column":8},"end":{"line":136,"column":21}},"46":{"start":{"line":140,"column":0},"end":{"line":140,"column":29}}},"fnMap":{"0":{"name":"(anonymous_0)","decl":{"start":{"line":27,"column":4},"end":{"line":27,"column":5}},"loc":{"start":{"line":27,"column":34},"end":{"line":51,"column":5}},"line":27},"1":{"name":"(anonymous_1)","decl":{"start":{"line":28,"column":24},"end":{"line":28,"column":25}},"loc":{"start":{"line":28,"column":41},"end":{"line":39,"column":9}},"line":28},"2":{"name":"(anonymous_2)","decl":{"start":{"line":62,"column":4},"end":{"line":62,"column":5}},"loc":{"start":{"line":62,"column":24},"end":{"line":75,"column":5}},"line":62},"3":{"name":"(anonymous_3)","decl":{"start":{"line":87,"column":4},"end":{"line":87,"column":5}},"loc":{"start":{"line":87,"column":25},"end":{"line":95,"column":5}},"line":87},"4":{"name":"(anonymous_4)","decl":{"start":{"line":105,"column":4},"end":{"line":105,"column":5}},"loc":{"start":{"line":105,"column":24},"end":{"line":118,"column":5}},"line":105},"5":{"name":"(anonymous_5)","decl":{"start":{"line":129,"column":4},"end":{"line":129,"column":5}},"loc":{"start":{"line":129,"column":25},"end":{"line":137,"column":5}},"line":129}},"branchMap":{"0":{"loc":{"start":{"line":29,"column":12},"end":{"line":37,"column":13}},"type":"if","locations":[{"start":{"line":29,"column":12},"end":{"line":37,"column":13}},{"start":{"line":35,"column":19},"end":{"line":37,"column":13}}],"line":29},"1":{"loc":{"start":{"line":29,"column":16},"end":{"line":29,"column":63}},"type":"binary-expr","locations":[{"start":{"line":29,"column":16},"end":{"line":29,"column":36}},{"start":{"line":29,"column":40},"end":{"line":29,"column":63}}],"line":29},"2":{"loc":{"start":{"line":35,"column":19},"end":{"line":37,"column":13}},"type":"if","locations":[{"start":{"line":35,"column":19},"end":{"line":37,"column":13}},{"start":{},"end":{}}],"line":35},"3":{"loc":{"start":{"line":35,"column":23},"end":{"line":35,"column":72}},"type":"binary-expr","locations":[{"start":{"line":35,"column":23},"end":{"line":35,"column":44}},{"start":{"line":35,"column":48},"end":{"line":35,"column":72}}],"line":35},"4":{"loc":{"start":{"line":43,"column":16},"end":{"line":44,"column":28}},"type":"if","locations":[{"start":{"line":43,"column":16},"end":{"line":44,"column":28}},{"start":{},"end":{}}],"line":43},"5":{"loc":{"start":{"line":63,"column":8},"end":{"line":67,"column":9}},"type":"if","locations":[{"start":{"line":63,"column":8},"end":{"line":67,"column":9}},{"start":{},"end":{}}],"line":63},"6":{"loc":{"start":{"line":70,"column":12},"end":{"line":72,"column":13}},"type":"if","locations":[{"start":{"line":70,"column":12},"end":{"line":72,"column":13}},{"start":{},"end":{}}],"line":70},"7":{"loc":{"start":{"line":90,"column":12},"end":{"line":92,"column":13}},"type":"if","locations":[{"start":{"line":90,"column":12},"end":{"line":92,"column":13}},{"start":{},"end":{}}],"line":90},"8":{"loc":{"start":{"line":106,"column":8},"end":{"line":110,"column":9}},"type":"if","locations":[{"start":{"line":106,"column":8},"end":{"line":110,"column":9}},{"start":{},"end":{}}],"line":106},"9":{"loc":{"start":{"line":113,"column":12},"end":{"line":115,"column":13}},"type":"if","locations":[{"start":{"line":113,"column":12},"end":{"line":115,"column":13}},{"start":{},"end":{}}],"line":113},"10":{"loc":{"start":{"line":132,"column":12},"end":{"line":134,"column":13}},"type":"if","locations":[{"start":{"line":132,"column":12},"end":{"line":134,"column":13}},{"start":{},"end":{}}],"line":132}},"s":{"0":1,"1":1,"2":12,"3":14,"4":2,"5":2,"6":2,"7":4,"8":2,"9":12,"10":4,"11":8,"12":12,"13":12,"14":12,"15":2,"16":10,"17":12,"18":5,"19":2,"20":2,"21":2,"22":5,"23":5,"24":11,"25":6,"26":5,"27":7,"28":7,"29":16,"30":8,"31":7,"32":7,"33":2,"34":2,"35":2,"36":7,"37":7,"38":16,"39":6,"40":7,"41":6,"42":6,"43":13,"44":5,"45":6,"46":1},"f":{"0":12,"1":14,"2":5,"3":7,"4":7,"5":6},"b":{"0":[2,12],"1":[14,3],"2":[4,8],"3":[12,5],"4":[2,10],"5":[2,3],"6":[6,5],"7":[8,8],"8":[2,5],"9":[6,10],"10":[5,8]},"_coverageSchema":"1a1c01bbd47fc00a2c39e90264f33305004495a9","hash":"d41494e8b1ec647a2da6f22f1ea8685c738719d5"}
}
