{"C:\\Users\\monce\\OneDrive\\Desktop\\Custom-Lodash\\src\\arrays.js": {"path":"C:\\Users\\monce\\OneDrive\\Desktop\\Custom-Lodash\\src\\arrays.js","statementMap":{"0":{"start":{"line":13,"column":21},"end":{"line":13,"column":23}},"1":{"start":{"line":14,"column":8},"end":{"line":23,"column":9}},"2":{"start":{"line":14,"column":21},"end":{"line":14,"column":22}},"3":{"start":{"line":15,"column":29},"end":{"line":15,"column":31}},"4":{"start":{"line":16,"column":12},"end":{"line":21,"column":13}},"5":{"start":{"line":16,"column":25},"end":{"line":16,"column":26}},"6":{"start":{"line":17,"column":16},"end":{"line":19,"column":17}},"7":{"start":{"line":18,"column":20},"end":{"line":18,"column":25}},"8":{"start":{"line":20,"column":16},"end":{"line":20,"column":44}},"9":{"start":{"line":22,"column":12},"end":{"line":22,"column":42}},"10":{"start":{"line":24,"column":8},"end":{"line":24,"column":22}},"11":{"start":{"line":36,"column":21},"end":{"line":36,"column":23}},"12":{"start":{"line":37,"column":8},"end":{"line":41,"column":9}},"13":{"start":{"line":38,"column":12},"end":{"line":40,"column":13}},"14":{"start":{"line":39,"column":16},"end":{"line":39,"column":42}},"15":{"start":{"line":42,"column":8},"end":{"line":42,"column":22}},"16":{"start":{"line":55,"column":8},"end":{"line":57,"column":9}},"17":{"start":{"line":56,"column":12},"end":{"line":56,"column":24}},"18":{"start":{"line":58,"column":8},"end":{"line":60,"column":9}},"19":{"start":{"line":59,"column":12},"end":{"line":59,"column":22}},"20":{"start":{"line":61,"column":21},"end":{"line":61,"column":23}},"21":{"start":{"line":62,"column":8},"end":{"line":64,"column":9}},"22":{"start":{"line":62,"column":21},"end":{"line":62,"column":22}},"23":{"start":{"line":63,"column":12},"end":{"line":63,"column":44}},"24":{"start":{"line":65,"column":8},"end":{"line":65,"column":22}},"25":{"start":{"line":79,"column":23},"end":{"line":79,"column":25}},"26":{"start":{"line":80,"column":20},"end":{"line":80,"column":36}},"27":{"start":{"line":81,"column":8},"end":{"line":86,"column":9}},"28":{"start":{"line":82,"column":12},"end":{"line":85,"column":13}},"29":{"start":{"line":83,"column":16},"end":{"line":83,"column":25}},"30":{"start":{"line":84,"column":16},"end":{"line":84,"column":21}},"31":{"start":{"line":87,"column":8},"end":{"line":89,"column":9}},"32":{"start":{"line":87,"column":21},"end":{"line":87,"column":26}},"33":{"start":{"line":88,"column":12},"end":{"line":88,"column":44}},"34":{"start":{"line":90,"column":8},"end":{"line":90,"column":21}},"35":{"start":{"line":103,"column":21},"end":{"line":103,"column":23}},"36":{"start":{"line":105,"column":8},"end":{"line":107,"column":9}},"37":{"start":{"line":105,"column":21},"end":{"line":105,"column":22}},"38":{"start":{"line":106,"column":12},"end":{"line":106,"column":44}},"39":{"start":{"line":109,"column":8},"end":{"line":109,"column":21}},"40":{"start":{"line":123,"column":21},"end":{"line":123,"column":23}},"41":{"start":{"line":124,"column":8},"end":{"line":126,"column":9}},"42":{"start":{"line":125,"column":12},"end":{"line":125,"column":27}},"43":{"start":{"line":125,"column":26},"end":{"line":125,"column":27}},"44":{"start":{"line":127,"column":8},"end":{"line":131,"column":9}},"45":{"start":{"line":128,"column":12},"end":{"line":130,"column":13}},"46":{"start":{"line":129,"column":16},"end":{"line":129,"column":53}},"47":{"start":{"line":133,"column":8},"end":{"line":133,"column":21}},"48":{"start":{"line":148,"column":8},"end":{"line":150,"column":9}},"49":{"start":{"line":149,"column":12},"end":{"line":149,"column":32}},"50":{"start":{"line":153,"column":20},"end":{"line":153,"column":22}},"51":{"start":{"line":155,"column":8},"end":{"line":157,"column":9}},"52":{"start":{"line":156,"column":12},"end":{"line":156,"column":47}},"53":{"start":{"line":159,"column":8},"end":{"line":164,"column":9}},"54":{"start":{"line":159,"column":21},"end":{"line":159,"column":22}},"55":{"start":{"line":160,"column":12},"end":{"line":163,"column":13}},"56":{"start":{"line":161,"column":16},"end":{"line":161,"column":33}},"57":{"start":{"line":162,"column":16},"end":{"line":162,"column":21}},"58":{"start":{"line":166,"column":8},"end":{"line":166,"column":21}},"59":{"start":{"line":185,"column":12},"end":{"line":187,"column":13}},"60":{"start":{"line":186,"column":16},"end":{"line":186,"column":28}},"61":{"start":{"line":188,"column":12},"end":{"line":190,"column":13}},"62":{"start":{"line":189,"column":16},"end":{"line":189,"column":27}},"63":{"start":{"line":192,"column":22},"end":{"line":192,"column":27}},"64":{"start":{"line":193,"column":20},"end":{"line":193,"column":21}},"65":{"start":{"line":194,"column":12},"end":{"line":201,"column":13}},"66":{"start":{"line":194,"column":25},"end":{"line":194,"column":34}},"67":{"start":{"line":195,"column":16},"end":{"line":200,"column":17}},"68":{"start":{"line":196,"column":20},"end":{"line":199,"column":21}},"69":{"start":{"line":196,"column":33},"end":{"line":196,"column":34}},"70":{"start":{"line":197,"column":24},"end":{"line":197,"column":59}},"71":{"start":{"line":197,"column":56},"end":{"line":197,"column":59}},"72":{"start":{"line":198,"column":24},"end":{"line":198,"column":58}},"73":{"start":{"line":198,"column":48},"end":{"line":198,"column":58}},"74":{"start":{"line":202,"column":12},"end":{"line":202,"column":23}},"75":{"start":{"line":206,"column":28},"end":{"line":206,"column":61}},"76":{"start":{"line":207,"column":12},"end":{"line":209,"column":13}},"77":{"start":{"line":207,"column":25},"end":{"line":207,"column":44}},"78":{"start":{"line":208,"column":16},"end":{"line":208,"column":52}},"79":{"start":{"line":208,"column":41},"end":{"line":208,"column":52}},"80":{"start":{"line":210,"column":12},"end":{"line":210,"column":24}},"81":{"start":{"line":213,"column":8},"end":{"line":215,"column":9}},"82":{"start":{"line":214,"column":12},"end":{"line":214,"column":42}},"83":{"start":{"line":217,"column":8},"end":{"line":223,"column":9}},"84":{"start":{"line":218,"column":26},"end":{"line":218,"column":28}},"85":{"start":{"line":219,"column":12},"end":{"line":221,"column":13}},"86":{"start":{"line":220,"column":16},"end":{"line":220,"column":51}},"87":{"start":{"line":222,"column":12},"end":{"line":222,"column":39}},"88":{"start":{"line":225,"column":8},"end":{"line":225,"column":40}},"89":{"start":{"line":239,"column":21},"end":{"line":239,"column":23}},"90":{"start":{"line":240,"column":8},"end":{"line":242,"column":9}},"91":{"start":{"line":241,"column":12},"end":{"line":241,"column":55}},"92":{"start":{"line":243,"column":8},"end":{"line":243,"column":22}},"93":{"start":{"line":258,"column":21},"end":{"line":258,"column":22}},"94":{"start":{"line":259,"column":8},"end":{"line":261,"column":9}},"95":{"start":{"line":260,"column":12},"end":{"line":260,"column":47}},"96":{"start":{"line":263,"column":21},"end":{"line":263,"column":23}},"97":{"start":{"line":264,"column":8},"end":{"line":266,"column":9}},"98":{"start":{"line":264,"column":21},"end":{"line":264,"column":22}},"99":{"start":{"line":265,"column":12},"end":{"line":265,"column":38}},"100":{"start":{"line":268,"column":8},"end":{"line":276,"column":9}},"101":{"start":{"line":268,"column":21},"end":{"line":268,"column":22}},"102":{"start":{"line":269,"column":12},"end":{"line":275,"column":13}},"103":{"start":{"line":269,"column":25},"end":{"line":269,"column":26}},"104":{"start":{"line":270,"column":16},"end":{"line":274,"column":17}},"105":{"start":{"line":271,"column":20},"end":{"line":271,"column":54}},"106":{"start":{"line":273,"column":20},"end":{"line":273,"column":62}},"107":{"start":{"line":278,"column":8},"end":{"line":278,"column":21}},"108":{"start":{"line":282,"column":0},"end":{"line":282,"column":28}}},"fnMap":{"0":{"name":"(anonymous_0)","decl":{"start":{"line":12,"column":4},"end":{"line":12,"column":5}},"loc":{"start":{"line":12,"column":23},"end":{"line":25,"column":5}},"line":12},"1":{"name":"(anonymous_1)","decl":{"start":{"line":35,"column":4},"end":{"line":35,"column":5}},"loc":{"start":{"line":35,"column":19},"end":{"line":43,"column":5}},"line":35},"2":{"name":"(anonymous_2)","decl":{"start":{"line":54,"column":4},"end":{"line":54,"column":5}},"loc":{"start":{"line":54,"column":23},"end":{"line":66,"column":5}},"line":54},"3":{"name":"(anonymous_3)","decl":{"start":{"line":78,"column":4},"end":{"line":78,"column":5}},"loc":{"start":{"line":78,"column":27},"end":{"line":91,"column":5}},"line":78},"4":{"name":"(anonymous_4)","decl":{"start":{"line":102,"column":4},"end":{"line":102,"column":5}},"loc":{"start":{"line":102,"column":23},"end":{"line":110,"column":5}},"line":102},"5":{"name":"(anonymous_5)","decl":{"start":{"line":122,"column":4},"end":{"line":122,"column":5}},"loc":{"start":{"line":122,"column":29},"end":{"line":134,"column":5}},"line":122},"6":{"name":"(anonymous_6)","decl":{"start":{"line":125,"column":19},"end":{"line":125,"column":20}},"loc":{"start":{"line":125,"column":26},"end":{"line":125,"column":27}},"line":125},"7":{"name":"(anonymous_7)","decl":{"start":{"line":147,"column":4},"end":{"line":147,"column":5}},"loc":{"start":{"line":147,"column":34},"end":{"line":167,"column":5}},"line":147},"8":{"name":"(anonymous_8)","decl":{"start":{"line":183,"column":4},"end":{"line":183,"column":5}},"loc":{"start":{"line":183,"column":47},"end":{"line":226,"column":5}},"line":183},"9":{"name":"includesSub","decl":{"start":{"line":184,"column":17},"end":{"line":184,"column":28}},"loc":{"start":{"line":184,"column":37},"end":{"line":203,"column":9}},"line":184},"10":{"name":"includesArray","decl":{"start":{"line":205,"column":17},"end":{"line":205,"column":30}},"loc":{"start":{"line":205,"column":39},"end":{"line":211,"column":9}},"line":205},"11":{"name":"(anonymous_11)","decl":{"start":{"line":238,"column":4},"end":{"line":238,"column":5}},"loc":{"start":{"line":238,"column":26},"end":{"line":244,"column":5}},"line":238},"12":{"name":"(anonymous_12)","decl":{"start":{"line":257,"column":4},"end":{"line":257,"column":5}},"loc":{"start":{"line":257,"column":19},"end":{"line":279,"column":5}},"line":257}},"branchMap":{"0":{"loc":{"start":{"line":17,"column":16},"end":{"line":19,"column":17}},"type":"if","locations":[{"start":{"line":17,"column":16},"end":{"line":19,"column":17}},{"start":{},"end":{}}],"line":17},"1":{"loc":{"start":{"line":38,"column":12},"end":{"line":40,"column":13}},"type":"if","locations":[{"start":{"line":38,"column":12},"end":{"line":40,"column":13}},{"start":{},"end":{}}],"line":38},"2":{"loc":{"start":{"line":54,"column":16},"end":{"line":54,"column":21}},"type":"default-arg","locations":[{"start":{"line":54,"column":20},"end":{"line":54,"column":21}}],"line":54},"3":{"loc":{"start":{"line":55,"column":8},"end":{"line":57,"column":9}},"type":"if","locations":[{"start":{"line":55,"column":8},"end":{"line":57,"column":9}},{"start":{},"end":{}}],"line":55},"4":{"loc":{"start":{"line":58,"column":8},"end":{"line":60,"column":9}},"type":"if","locations":[{"start":{"line":58,"column":8},"end":{"line":60,"column":9}},{"start":{},"end":{}}],"line":58},"5":{"loc":{"start":{"line":82,"column":12},"end":{"line":85,"column":13}},"type":"if","locations":[{"start":{"line":82,"column":12},"end":{"line":85,"column":13}},{"start":{},"end":{}}],"line":82},"6":{"loc":{"start":{"line":102,"column":16},"end":{"line":102,"column":21}},"type":"default-arg","locations":[{"start":{"line":102,"column":20},"end":{"line":102,"column":21}}],"line":102},"7":{"loc":{"start":{"line":105,"column":24},"end":{"line":105,"column":49}},"type":"binary-expr","locations":[{"start":{"line":105,"column":24},"end":{"line":105,"column":29}},{"start":{"line":105,"column":33},"end":{"line":105,"column":49}}],"line":105},"8":{"loc":{"start":{"line":124,"column":8},"end":{"line":126,"column":9}},"type":"if","locations":[{"start":{"line":124,"column":8},"end":{"line":126,"column":9}},{"start":{},"end":{}}],"line":124},"9":{"loc":{"start":{"line":128,"column":12},"end":{"line":130,"column":13}},"type":"if","locations":[{"start":{"line":128,"column":12},"end":{"line":130,"column":13}},{"start":{},"end":{}}],"line":128},"10":{"loc":{"start":{"line":147,"column":27},"end":{"line":147,"column":32}},"type":"default-arg","locations":[{"start":{"line":147,"column":31},"end":{"line":147,"column":32}}],"line":147},"11":{"loc":{"start":{"line":148,"column":8},"end":{"line":150,"column":9}},"type":"if","locations":[{"start":{"line":148,"column":8},"end":{"line":150,"column":9}},{"start":{},"end":{}}],"line":148},"12":{"loc":{"start":{"line":160,"column":12},"end":{"line":163,"column":13}},"type":"if","locations":[{"start":{"line":160,"column":12},"end":{"line":163,"column":13}},{"start":{},"end":{}}],"line":160},"13":{"loc":{"start":{"line":183,"column":32},"end":{"line":183,"column":45}},"type":"default-arg","locations":[{"start":{"line":183,"column":44},"end":{"line":183,"column":45}}],"line":183},"14":{"loc":{"start":{"line":185,"column":12},"end":{"line":187,"column":13}},"type":"if","locations":[{"start":{"line":185,"column":12},"end":{"line":187,"column":13}},{"start":{},"end":{}}],"line":185},"15":{"loc":{"start":{"line":188,"column":12},"end":{"line":190,"column":13}},"type":"if","locations":[{"start":{"line":188,"column":12},"end":{"line":190,"column":13}},{"start":{},"end":{}}],"line":188},"16":{"loc":{"start":{"line":195,"column":16},"end":{"line":200,"column":17}},"type":"if","locations":[{"start":{"line":195,"column":16},"end":{"line":200,"column":17}},{"start":{},"end":{}}],"line":195},"17":{"loc":{"start":{"line":197,"column":24},"end":{"line":197,"column":59}},"type":"if","locations":[{"start":{"line":197,"column":24},"end":{"line":197,"column":59}},{"start":{},"end":{}}],"line":197},"18":{"loc":{"start":{"line":198,"column":24},"end":{"line":198,"column":58}},"type":"if","locations":[{"start":{"line":198,"column":24},"end":{"line":198,"column":58}},{"start":{},"end":{}}],"line":198},"19":{"loc":{"start":{"line":206,"column":28},"end":{"line":206,"column":61}},"type":"cond-expr","locations":[{"start":{"line":206,"column":44},"end":{"line":206,"column":57}},{"start":{"line":206,"column":60},"end":{"line":206,"column":61}}],"line":206},"20":{"loc":{"start":{"line":208,"column":16},"end":{"line":208,"column":52}},"type":"if","locations":[{"start":{"line":208,"column":16},"end":{"line":208,"column":52}},{"start":{},"end":{}}],"line":208},"21":{"loc":{"start":{"line":213,"column":8},"end":{"line":215,"column":9}},"type":"if","locations":[{"start":{"line":213,"column":8},"end":{"line":215,"column":9}},{"start":{},"end":{}}],"line":213},"22":{"loc":{"start":{"line":217,"column":8},"end":{"line":223,"column":9}},"type":"if","locations":[{"start":{"line":217,"column":8},"end":{"line":223,"column":9}},{"start":{},"end":{}}],"line":217},"23":{"loc":{"start":{"line":270,"column":16},"end":{"line":274,"column":17}},"type":"if","locations":[{"start":{"line":270,"column":16},"end":{"line":274,"column":17}},{"start":{"line":272,"column":23},"end":{"line":274,"column":17}}],"line":270}},"s":{"0":4,"1":4,"2":4,"3":10,"4":10,"5":10,"6":25,"7":1,"8":24,"9":10,"10":4,"11":2,"12":2,"13":20,"14":8,"15":2,"16":12,"17":2,"18":10,"19":1,"20":9,"21":9,"22":9,"23":19,"24":9,"25":3,"26":3,"27":3,"28":7,"29":2,"30":2,"31":3,"32":3,"33":5,"34":3,"35":8,"36":8,"37":8,"38":18,"39":8,"40":7,"41":7,"42":1,"43":6,"44":7,"45":38,"46":18,"47":7,"48":12,"49":2,"50":10,"51":10,"52":38,"53":10,"54":10,"55":15,"56":9,"57":9,"58":10,"59":6,"60":1,"61":5,"62":1,"63":4,"64":4,"65":4,"66":4,"67":21,"68":4,"69":4,"70":9,"71":7,"72":9,"73":3,"74":4,"75":12,"76":12,"77":12,"78":26,"79":5,"80":7,"81":18,"82":6,"83":12,"84":3,"85":3,"86":6,"87":3,"88":9,"89":7,"90":7,"91":33,"92":7,"93":3,"94":3,"95":8,"96":3,"97":3,"98":3,"99":6,"100":3,"101":3,"102":8,"103":8,"104":17,"105":2,"106":15,"107":3,"108":1},"f":{"0":4,"1":2,"2":12,"3":3,"4":8,"5":7,"6":6,"7":12,"8":18,"9":6,"10":12,"11":7,"12":3},"b":{"0":[1,24],"1":[8,12],"2":[4],"3":[2,10],"4":[1,9],"5":[2,5],"6":[1],"7":[26,19],"8":[1,6],"9":[18,20],"10":[8],"11":[2,10],"12":[9,6],"13":[14],"14":[1,5],"15":[1,4],"16":[4,17],"17":[7,2],"18":[3,6],"19":[1,11],"20":[5,21],"21":[6,12],"22":[3,9],"23":[2,15]},"_coverageSchema":"1a1c01bbd47fc00a2c39e90264f33305004495a9","hash":"fdbec3f5951b161f2cbc7c986f10e2225afd5be6"}
}
