TN:
SF:src\arrays.js
FN:12,(anonymous_0)
FN:35,(anonymous_1)
FN:54,(anonymous_2)
FN:78,(anonymous_3)
FN:102,(anonymous_4)
FN:122,(anonymous_5)
FN:125,(anonymous_6)
FN:147,(anonymous_7)
FN:183,(anonymous_8)
FN:184,includesSub
FN:205,includesArray
FN:238,(anonymous_11)
FN:257,(anonymous_12)
FNF:13
FNH:13
FNDA:4,(anonymous_0)
FNDA:2,(anonymous_1)
FNDA:12,(anonymous_2)
FNDA:3,(anonymous_3)
FNDA:8,(anonymous_4)
FNDA:7,(anonymous_5)
FNDA:6,(anonymous_6)
FNDA:12,(anonymous_7)
FNDA:18,(anonymous_8)
FNDA:6,includesSub
FNDA:12,includesArray
FNDA:7,(anonymous_11)
FNDA:3,(anonymous_12)
DA:13,4
DA:14,4
DA:15,10
DA:16,10
DA:17,25
DA:18,1
DA:20,24
DA:22,10
DA:24,4
DA:36,2
DA:37,2
DA:38,20
DA:39,8
DA:42,2
DA:55,12
DA:56,2
DA:58,10
DA:59,1
DA:61,9
DA:62,9
DA:63,19
DA:65,9
DA:79,3
DA:80,3
DA:81,3
DA:82,7
DA:83,2
DA:84,2
DA:87,3
DA:88,5
DA:90,3
DA:103,8
DA:105,8
DA:106,18
DA:109,8
DA:123,7
DA:124,7
DA:125,6
DA:127,7
DA:128,38
DA:129,18
DA:133,7
DA:148,12
DA:149,2
DA:153,10
DA:155,10
DA:156,38
DA:159,10
DA:160,15
DA:161,9
DA:162,9
DA:166,10
DA:185,6
DA:186,1
DA:188,5
DA:189,1
DA:192,4
DA:193,4
DA:194,4
DA:195,21
DA:196,4
DA:197,9
DA:198,9
DA:202,4
DA:206,12
DA:207,12
DA:208,26
DA:210,7
DA:213,18
DA:214,6
DA:217,12
DA:218,3
DA:219,3
DA:220,6
DA:222,3
DA:225,9
DA:239,7
DA:240,7
DA:241,33
DA:243,7
DA:258,3
DA:259,3
DA:260,8
DA:263,3
DA:264,3
DA:265,6
DA:268,3
DA:269,8
DA:270,17
DA:271,2
DA:273,15
DA:278,3
DA:282,1
LF:93
LH:93
BRDA:17,0,0,1
BRDA:17,0,1,24
BRDA:38,1,0,8
BRDA:38,1,1,12
BRDA:54,2,0,4
BRDA:55,3,0,2
BRDA:55,3,1,10
BRDA:58,4,0,1
BRDA:58,4,1,9
BRDA:82,5,0,2
BRDA:82,5,1,5
BRDA:102,6,0,1
BRDA:105,7,0,26
BRDA:105,7,1,19
BRDA:124,8,0,1
BRDA:124,8,1,6
BRDA:128,9,0,18
BRDA:128,9,1,20
BRDA:147,10,0,8
BRDA:148,11,0,2
BRDA:148,11,1,10
BRDA:160,12,0,9
BRDA:160,12,1,6
BRDA:183,13,0,14
BRDA:185,14,0,1
BRDA:185,14,1,5
BRDA:188,15,0,1
BRDA:188,15,1,4
BRDA:195,16,0,4
BRDA:195,16,1,17
BRDA:197,17,0,7
BRDA:197,17,1,2
BRDA:198,18,0,3
BRDA:198,18,1,6
BRDA:206,19,0,1
BRDA:206,19,1,11
BRDA:208,20,0,5
BRDA:208,20,1,21
BRDA:213,21,0,6
BRDA:213,21,1,12
BRDA:217,22,0,3
BRDA:217,22,1,9
BRDA:270,23,0,2
BRDA:270,23,1,15
BRF:44
BRH:44
end_of_record
