TN:
SF:src\arrays.js
FN:12,(anonymous_0)
FN:35,(anonymous_1)
FN:53,(anonymous_2)
FN:76,(anonymous_3)
FN:99,(anonymous_4)
FN:118,(anonymous_5)
FN:121,(anonymous_6)
FN:142,(anonymous_7)
FN:178,(anonymous_8)
FN:179,includesSub
FN:200,includesArray
FN:233,(anonymous_11)
FN:252,(anonymous_12)
FNF:13
FNH:13
FNDA:4,(anonymous_0)
FNDA:2,(anonymous_1)
FNDA:12,(anonymous_2)
FNDA:3,(anonymous_3)
FNDA:8,(anonymous_4)
FNDA:7,(anonymous_5)
FNDA:6,(anonymous_6)
FNDA:12,(anonymous_7)
FNDA:45,(anonymous_8)
FNDA:6,includesSub
FNDA:39,includesArray
FNDA:7,(anonymous_11)
FNDA:3,(anonymous_12)
DA:13,4
DA:14,4
DA:15,10
DA:16,10
DA:17,25
DA:18,1
DA:20,24
DA:22,10
DA:24,4
DA:36,2
DA:37,2
DA:38,20
DA:39,8
DA:42,2
DA:54,12
DA:55,2
DA:57,10
DA:58,1
DA:60,9
DA:61,9
DA:62,19
DA:64,9
DA:77,3
DA:78,3
DA:79,3
DA:80,7
DA:81,2
DA:82,2
DA:85,3
DA:86,5
DA:88,3
DA:100,8
DA:102,8
DA:103,18
DA:106,8
DA:119,7
DA:120,7
DA:121,6
DA:123,7
DA:124,38
DA:125,18
DA:129,7
DA:143,12
DA:144,2
DA:148,10
DA:150,10
DA:151,38
DA:154,10
DA:155,15
DA:156,9
DA:157,9
DA:161,10
DA:180,6
DA:181,1
DA:183,5
DA:184,1
DA:187,4
DA:188,4
DA:189,4
DA:190,21
DA:191,4
DA:192,9
DA:193,9
DA:197,4
DA:201,39
DA:202,39
DA:203,58
DA:205,23
DA:208,45
DA:209,6
DA:212,39
DA:213,3
DA:214,3
DA:215,6
DA:217,3
DA:220,36
DA:234,7
DA:235,7
DA:236,33
DA:238,7
DA:253,3
DA:254,3
DA:255,8
DA:258,3
DA:259,3
DA:260,6
DA:263,3
DA:264,8
DA:265,17
DA:266,2
DA:268,15
DA:273,3
DA:277,2
LF:93
LH:93
BRDA:17,0,0,1
BRDA:17,0,1,24
BRDA:38,1,0,8
BRDA:38,1,1,12
BRDA:53,2,0,4
BRDA:54,3,0,2
BRDA:54,3,1,10
BRDA:57,4,0,1
BRDA:57,4,1,9
BRDA:80,5,0,2
BRDA:80,5,1,5
BRDA:99,6,0,1
BRDA:102,7,0,26
BRDA:102,7,1,19
BRDA:120,8,0,1
BRDA:120,8,1,6
BRDA:124,9,0,18
BRDA:124,9,1,20
BRDA:142,10,0,8
BRDA:143,11,0,2
BRDA:143,11,1,10
BRDA:155,12,0,9
BRDA:155,12,1,6
BRDA:178,13,0,41
BRDA:180,14,0,1
BRDA:180,14,1,5
BRDA:183,15,0,1
BRDA:183,15,1,4
BRDA:190,16,0,4
BRDA:190,16,1,17
BRDA:192,17,0,7
BRDA:192,17,1,2
BRDA:193,18,0,3
BRDA:193,18,1,6
BRDA:201,19,0,1
BRDA:201,19,1,38
BRDA:203,20,0,16
BRDA:203,20,1,42
BRDA:208,21,0,6
BRDA:208,21,1,39
BRDA:212,22,0,3
BRDA:212,22,1,36
BRDA:265,23,0,2
BRDA:265,23,1,15
BRF:44
BRH:44
end_of_record
TN:
SF:src\objects.js
FN:27,(anonymous_0)
FN:28,(anonymous_1)
FN:62,(anonymous_2)
FN:87,(anonymous_3)
FN:105,(anonymous_4)
FN:129,(anonymous_5)
FNF:6
FNH:6
FNDA:12,(anonymous_0)
FNDA:14,(anonymous_1)
FNDA:5,(anonymous_2)
FNDA:7,(anonymous_3)
FNDA:7,(anonymous_4)
FNDA:6,(anonymous_5)
DA:1,1
DA:2,1
DA:28,12
DA:29,14
DA:30,2
DA:31,2
DA:32,4
DA:34,2
DA:35,12
DA:36,4
DA:38,8
DA:41,12
DA:42,12
DA:43,12
DA:44,2
DA:45,10
DA:49,12
DA:63,5
DA:64,2
DA:65,2
DA:66,2
DA:68,5
DA:69,5
DA:70,11
DA:71,6
DA:74,5
DA:88,7
DA:89,7
DA:90,16
DA:91,8
DA:94,7
DA:106,7
DA:107,2
DA:108,2
DA:109,2
DA:111,7
DA:112,7
DA:113,16
DA:114,6
DA:117,7
DA:130,6
DA:131,6
DA:132,13
DA:133,5
DA:136,6
DA:140,1
LF:46
LH:46
BRDA:29,0,0,2
BRDA:29,0,1,12
BRDA:29,1,0,14
BRDA:29,1,1,3
BRDA:35,2,0,4
BRDA:35,2,1,8
BRDA:35,3,0,12
BRDA:35,3,1,5
BRDA:43,4,0,2
BRDA:43,4,1,10
BRDA:63,5,0,2
BRDA:63,5,1,3
BRDA:70,6,0,6
BRDA:70,6,1,5
BRDA:90,7,0,8
BRDA:90,7,1,8
BRDA:106,8,0,2
BRDA:106,8,1,5
BRDA:113,9,0,6
BRDA:113,9,1,10
BRDA:132,10,0,5
BRDA:132,10,1,8
BRF:22
BRH:22
end_of_record
